..\..\..\Bin\Game.pdb
D:\ESPACE-FROM-FIRE\BIN\GAME.EXE
D:\Espace-from-Fire\SourceCode\VCProject2012\VCProject2012\..\..\..\Bin\Game.exe
D:\Espace-from-Fire\SourceCode\VCProject2012\VCProject2012\Debug\cl.command.1.tlog
D:\Espace-from-Fire\SourceCode\VCProject2012\VCProject2012\Debug\CL.read.1.tlog
D:\Espace-from-Fire\SourceCode\VCProject2012\VCProject2012\Debug\CL.write.1.tlog
D:\ESPACE-FROM-FIRE\SOURCECODE\VCPROJECT2012\VCPROJECT2012\DEBUG\CUSTOMFUNCTION.OBJ
D:\ESPACE-FROM-FIRE\SOURCECODE\VCPROJECT2012\VCPROJECT2012\DEBUG\FLOOR.OBJ
D:\ESPACE-FROM-FIRE\SOURCECODE\VCPROJECT2012\VCPROJECT2012\DEBUG\GAME.PDB
D:\ESPACE-FROM-FIRE\SOURCECODE\VCPROJECT2012\VCPROJECT2012\DEBUG\LESSONX.OBJ
D:\Espace-from-Fire\SourceCode\VCProject2012\VCProject2012\Debug\link.command.1.tlog
D:\Espace-from-Fire\SourceCode\VCProject2012\VCProject2012\Debug\link.read.1.tlog
D:\Espace-from-Fire\SourceCode\VCProject2012\VCProject2012\Debug\link.write.1.tlog
D:\Espace-from-Fire\SourceCode\VCProject2012\VCProject2012\Debug\link-cvtres.read.1.tlog
D:\Espace-from-Fire\SourceCode\VCProject2012\VCProject2012\Debug\link-cvtres.write.1.tlog
D:\ESPACE-FROM-FIRE\SOURCECODE\VCPROJECT2012\VCPROJECT2012\DEBUG\MAIN.OBJ
D:\ESPACE-FROM-FIRE\SOURCECODE\VCPROJECT2012\VCPROJECT2012\DEBUG\PROP.OBJ
D:\Espace-from-Fire\SourceCode\VCProject2012\VCProject2012\Debug\rc.command.1.tlog
D:\Espace-from-Fire\SourceCode\VCProject2012\VCProject2012\Debug\rc.read.1.tlog
D:\Espace-from-Fire\SourceCode\VCProject2012\VCProject2012\Debug\rc.write.1.tlog
D:\Espace-from-Fire\SourceCode\VCProject2012\VCProject2012\Debug\vc100.idb
D:\ESPACE-FROM-FIRE\SOURCECODE\VCPROJECT2012\VCPROJECT2012\DEBUG\VC100.PDB
D:\Espace-from-Fire\SourceCode\VCProject2012\VCProject2012\Debug\VCProject2012.write.1.tlog
D:\ESPACE-FROM-FIRE\SOURCECODE\VCPROJECT2012\VCPROJECT2012\DEBUG\VCTEMPLATE.RES
D:\ESPACE-FROM-FIRE\SOURCECODE\VCPROJECT2012\VCPROJECT2012\DEBUG\VIEW.OBJ
D:\ESPACE-FROM-FIRE\SOURCECODE\VCPROJECT2012\VCPROJECT2012\DEBUG\WIN.OBJ
