生成启动时间为 2023/7/12 14:40:48。
项目“E:\FunCode_CppProject\FunCode_Project\SourceCode\VCProject2012\VCProject2012\VCProject2012.vcxproj”在节点 2 上(build 个目标)。
InitializeBuildStatus:
  正在创建“Debug\VCProject2012.unsuccessfulbuild”，因为已指定“AlwaysCreate”。
ClCompile:
  F:\VS2010\VC\bin\CL.exe /c /I../../Header /ZI /nologo /W3 /WX- /Od /Oy- /D WIN32 /D _DEBUG /D _WINDOWS /Gm /EHsc /RTC1 /MDd /GS /fp:precise /Zc:wchar_t /Zc:forScope /Fo"Debug\\" /Fd"Debug\vc100.pdb" /Gd /TP /analyze- /errorReport:prompt ..\..\Src\LessonX.cpp
  LessonX.cpp
e:\funcode_cppproject\funcode_project\sourcecode\src\lessonx.cpp(172): warning C4800: “int”: 将值强制为布尔值“true”或“false”(性能警告)
e:\funcode_cppproject\funcode_project\sourcecode\src\lessonx.cpp(176): warning C4244: “参数”: 从“time_t”转换到“unsigned int”，可能丢失数据
e:\funcode_cppproject\funcode_project\sourcecode\src\lessonx.cpp(509): warning C4244: “+=”: 从“double”转换到“int”，可能丢失数据
e:\funcode_cppproject\funcode_project\sourcecode\src\lessonx.cpp(736): warning C4244: “+=”: 从“double”转换到“int”，可能丢失数据
e:\funcode_cppproject\funcode_project\sourcecode\src\lessonx.cpp(754): warning C4305: “参数”: 从“double”到“const float”截断
e:\funcode_cppproject\funcode_project\sourcecode\src\lessonx.cpp(754): warning C4305: “参数”: 从“double”到“const float”截断
e:\funcode_cppproject\funcode_project\sourcecode\src\lessonx.cpp(780): warning C4305: “参数”: 从“double”到“const float”截断
ResourceCompile:
  所有输出均为最新。
Link:
  F:\VS2010\VC\bin\link.exe /ERRORREPORT:PROMPT /OUT:"..\..\..\Bin\Game.exe" /INCREMENTAL:NO /NOLOGO Winmm.lib ..\..\Src\CommonClass_2010.Lib kernel32.lib user32.lib gdi32.lib winspool.lib comdlg32.lib advapi32.lib shell32.lib ole32.lib oleaut32.lib uuid.lib odbc32.lib odbccp32.lib /MANIFEST:NO /DEBUG /PDB:"Debug\Game.pdb" /SUBSYSTEM:WINDOWS /TLBID:1 /DYNAMICBASE /NXCOMPAT /IMPLIB:"..\..\..\Bin\Game.lib" /MACHINE:X86 Debug\VCTemplate.res
  Debug\CustomFunction.obj
  Debug\Floor.obj
  Debug\LessonX.obj
  Debug\Main.obj
  Debug\Prop.obj
  Debug\View.obj
  Debug\Win.obj
CustomFunction.obj : warning LNK4075: 忽略“/EDITANDCONTINUE”(由于“/INCREMENTAL:NO”规范)
LINK : warning LNK4098: 默认库“LIBCMT”与其他库的使用冲突；请使用 /NODEFAULTLIB:library
CommonClass_2010.Lib(CommonClass.obj) : warning LNK4204: “E:\FunCode_CppProject\FunCode_Project\SourceCode\VCProject2012\VCProject2012\Debug\vc100.pdb”缺少引用模块的调试信息；正在链接对象，如同没有调试信息一样
  VCProject2012.vcxproj -> E:\FunCode_CppProject\FunCode_Project\SourceCode\VCProject2012\VCProject2012\..\..\..\Bin\Game.exe
CopyFilesToOutputDirectory:
  正在将文件从“Debug\Game.pdb”复制到“..\..\..\Bin\Game.pdb”。
FinalizeBuildStatus:
  正在删除文件“Debug\VCProject2012.unsuccessfulbuild”。
  正在对“Debug\VCProject2012.lastbuildstate”执行 Touch 任务。
已完成生成项目“E:\FunCode_CppProject\FunCode_Project\SourceCode\VCProject2012\VCProject2012\VCProject2012.vcxproj”(build 个目标)的操作。

生成成功。

已用时间 00:00:01.66
